58482 39823 340 
99190 66654 351 
52453 21258 324 
6999 3028 262 
28207 97163 351 
60902 36271 340 
31565 99507 351 
56406 62602 335 
42003 47377 314 
88235 12852 351 
43721 28693 324 
75174 90803 351 
33919 19874 308 
13032 87685 351 
75214 95585 351 
13893 92513 351 
59917 71282 335 
60135 19772 340 
99980 32574 351 
30620 25832 308 
13745 41864 324 
17981 56343 340 
45869 66753 340 
34299 7517 311 
48505 15227 324 
43272 25715 324 
70578 40693 340 
70912 36280 340 
68910 11382 340 
62418 83922 351 
93627 1461 351 
15470 14162 271 
71251 45428 340 
84621 63606 351 
46909 13580 324 
19160 82055 351 
1890 70436 340 
23062 91331 351 
83914 80603 320 
94965 57653 351 
47924 52485 309 
49204 89376 351 
91247 41203 351 
70698 59515 335 
30263 40522 324 
26071 24438 264 
11599 55574 340 
90278 70426 351 
70071 13784 340 
56219 99055 351 
36170 33370 324 
69183 97879 351 
48503 81699 351 
10020 94391 351 
51610 21989 324 
54071 74518 335 
99831 1844 351 
86882 16894 351 
72850 96401 351 
97722 38304 351 
60973 62469 335 
2892 85044 351 
23391 38633 324 
47583 51550 309 
98542 73186 351 
73702 76971 325 
83433 91754 333 
39717 48666 314 
7972 72137 340 
51036 85368 351 
79664 28419 351 
40245 17892 324 
22006 6698 279 
64422 46322 340 
22896 50740 324 
47524 63435 340 
88293 2088 351 
66820 42961 340 
78911 67186 351 
54703 38656 340 
87051 2486 351 
8385 51983 324 
29196 4865 308 
33694 48534 324 
1723 51227 324 
25682 40234 324 
53632 73560 335 
85731 47300 351 
24550 35661 324 
36854 48992 314 
45374 42080 314 
3098 95360 351 
93234 93049 222 
57621 47568 340 
40995 14805 324 
26377 95397 351 
43362 79513 351 
26882 35423 311 
88744 79619 333 
58590 5806 340 
15059 35995 324 
79866 45904 351 
88285 16425 351 
60949 39288 340 
65946 9185 340 
41956 77002 340 
78190 19993 351 
7666 88483 351 
77416 83419 338 
17968 80278 351 
83071 95797 333 
65440 48209 340 
50984 50926 203 
954 54590 340 
58129 16979 340 
84826 89957 333 
45885 5008 324 
81863 31439 351 
47868 36826 314 
96672 31525 351 
3718 49992 324 
10468 20663 279 
43093 2146 324 
82206 12312 351 
85436 67826 351 
98540 6983 351 
76583 33144 340 
92843 62409 351 
16688 15033 271 
80896 25585 351 
14235 2199 276 
19845 7841 279 
45295 11451 324 
53742 97322 351 
74194 73135 294 
33751 84592 351 
32447 99144 351 
61676 99465 351 
93287 21281 351 
660 93060 351 
77409 38947 351 
23867 5158 282 
87983 5312 351 
12603 25135 282 
27247 90207 351 
37766 83419 351 
40058 62225 340 
76179 42341 340 
79229 55650 351 
99874 55718 351 
80753 62667 351 
44109 54235 340 
85561 23204 351 
24302 15844 282 
38935 71896 340 
60839 81033 351 
4204 47313 324 
9842 34487 311 
12651 62833 340 
31525 91432 351 
4376 30850 308 
21985 60289 340 
60418 55366 322 
57080 38677 340 
47385 71400 340 
8952 68806 340 
3726 18963 279 
79288 28491 351 
55303 5281 340 
4414 42477 324 
6843 18603 279 
78411 73068 351 
32848 82336 351 
11172 62015 340 
20270 19985 243 
46558 84345 351 
85247 27081 351 
7140 51942 324 
84646 13657 351 
1544 96532 351 
74170 17009 340 
69444 63503 312 
765 58859 340 
39308 28101 324 
76477 76226 276 
84306 72360 351 
74246 18656 340 
78484 78994 338 
43809 76116 340 
34950 67298 340 
51598 36354 314 
7032 43684 324 
86745 21141 351 
30021 17743 308 
27004 17488 308 
65143 62664 330 
40529 80162 351 
78681 60612 351 
24914 53879 340 
3675 22731 279 
15791 13355 271 
66492 67832 312 
55019 87897 351 
73783 92189 351 
25620 95762 351 
524 18435 279 
12221 22570 279 
89833 28815 351 
44345 5644 324 
54229 34240 340 
17718 37389 324 
9306 14868 276 
67700 73022 325 
28908 49546 324 
46305 29531 324 
82714 21187 351 
52018 12032 324 
44912 74274 340 
61888 35611 340 
93254 20530 351 
26908 9437 308 
32777 42567 324 
66768 34026 340 
53220 70108 335 
98260 54897 351 
26251 66075 340 
77290 95509 338 
42755 26300 324 
96567 8457 351 
3313 42885 324 
65342 3386 340 
61854 1327 340 
49178 41126 314 
12452 14505 276 
51863 55370 340 
80919 5078 351 
71182 6329 340 
52658 52785 247 
13755 57961 340 
3581 56177 340 
59869 39944 340 
6041 8647 262 
26698 57772 340 
89640 88452 315 
684 46375 324 
34556 74616 340 
73660 23897 340 
70010 93845 351 
71481 56863 335 
71753 31506 340 
80389 35722 351 
57725 48203 340 
61725 92235 351 
50171 18566 324 
9939 21226 279 
69769 37072 340 
5289 58453 340 
24660 27974 308 
30059 78421 351 
56988 16368 340 
9386 41309 324 
56928 47399 340 
88337 64348 351 
39041 54807 340 
20230 47730 324 
598 62784 340 
91550 26878 351 
8364 98646 351 
51133 86230 351 
87320 92617 333 
9898 40464 324 
61434 32447 340 
63691 66557 299 
65487 25148 340 
75073 11734 340 
65331 10628 340 
66434 74574 325 
84529 5271 351 
53999 33895 340 
85418 61243 351 
32594 39648 324 
58941 28472 340 
33335 29132 285 
80152 25884 351 
50019 11198 324 
1756 32191 308 
38773 92992 351 
51302 19200 324 
5719 56355 340 
72479 14350 340 
33088 74225 340 
76770 87108 351 
49706 71326 340 
1317 40908 324 
65356 25501 340 
4966 59012 340 
2355 48559 324 
26611 69309 340 
88834 51734 351 
35798 4256 324 
33058 20039 308 
22139 25867 282 
60103 64670 335 
39552 24089 324 
71938 53611 335 
63768 7200 340 
56956 6731 340 
69851 43380 340 
75478 71378 325 
79054 42793 351 
24922 82851 351 
33226 88437 351 
60637 25986 340 
86444 29172 351 
68979 42560 340 
58488 86405 351 
35151 97494 351 
18795 47506 324 
82486 2126 351 
9436 32301 308 
17727 79354 351 
76077 12565 340 
27689 5223 308 
79188 78424 338 
61849 46540 340 
54304 26002 340 
72110 55101 335 
6315 7508 257 
29539 51997 324 
72667 23968 340 
4864 59312 340 
23444 99057 351 
44925 13998 324 
15134 66615 340 
39317 5491 324 
48654 97215 351 
18338 95187 351 
61651 91762 351 
53371 65963 335 
47296 99924 351 
62311 93747 351 
2513 39372 324 
12924 34127 308 
54683 11076 340 
86713 55749 351 
77301 2246 351 
32412 5832 308 
19901 17414 279 
53761 22451 340 
52616 20479 340 
43831 45618 314 
61962 51669 340 
70272 63450 312 
83294 12858 351 
518 19513 279 
75762 99340 351 
9397 54568 340 
34643 5339 311 
71960 30557 340 
60912 65864 335 
947 81532 351 
76525 26761 340 
29466 31982 285 
94279 41770 351 
20397 39722 324 
79999 89869 333 
882 87215 351 
49540 54994 340 
38349 92980 351 
10977 25778 282 
61341 93558 351 
37697 100 324 
75638 45105 340 
60090 1570 340 
10422 68778 340 
52285 39590 314 
13286 67945 340 
94936 98702 328 
92400 94852 315 
9190 1792 262 
23768 23893 251 
32597 38406 324 
73880 85518 351 
60241 70490 335 
31803 65123 340 
18449 54749 340 
20758 79046 351 
75038 88032 351 
79198 79569 276 
72156 24326 340 
35626 603 311 
24694 29537 308 
56454 70669 335 
73418 985 340 
67024 50830 340 
3502 15851 276 
47763 32475 324 
19486 55502 340 
44958 74418 340 
76004 66097 325 
58785 78061 351 
14114 46144 324 
75651 79853 351 
86078 82213 320 
25058 51404 324 
48843 81034 351 
56392 37908 340 
83088 19837 351 
50630 31086 324 
27735 86093 351 
2672 10898 262 
4724 43441 324 
21524 27293 308 
62351 12008 340 
97592 75297 351 
22097 59963 340 
60816 20438 340 
4615 95294 351 
68345 12942 340 
68918 38997 340 
54389 95526 351 
43515 44467 270 
99107 5817 351 
45949 36318 314 
90362 59567 351 
23314 97455 351 
75042 8530 340 
77034 25333 351 
40719 94945 351 
98876 35800 351 
55963 66493 335 
59468 91099 351 
74718 83424 351 
76341 34364 340 
92460 8398 351 
69592 80117 351 
82316 55268 351 
5345 3428 238 
36977 47565 314 
21043 64648 340 
56887 42580 340 
44528 86306 351 
85051 14483 351 
50566 475 324 
11639 13930 276 
34009 36548 324 
97721 6187 351 
1033 83991 351 
9086 67505 340 
58688 30013 340 
94736 78193 338 
53434 68426 335 
41978 30441 324 
9745 9634 185 
43460 33558 324 
55877 98751 351 
36048 50017 314 
60036 31274 340 
8207 80537 351 
73755 61574 330 
94528 86396 333 
88473 46637 351 
27270 30382 272 
93724 52754 351 
97285 23916 351 
74427 56582 335 
32889 17531 308 
97455 93238 328 
84276 99290 333 
67647 68273 312 
77138 69270 351 
44966 87111 351 
32697 33627 267 
2755 49676 324 
69042 97416 351 
94109 52828 351 
49599 49275 296 
66225 94937 351 
16792 91724 351 
42714 70320 340 
81350 96470 333 
37243 52026 314 
43899 23983 324 
22316 85086 351 
69452 85081 351 
8286 95828 351 
9005 45713 324 
81005 74756 351 
86919 9317 351 
44001 11532 324 
84312 14371 351 
14881 73632 340 
519 51916 324 
78901 16844 351 
93314 53287 351 
50453 6101 324 
56054 77906 351 
67188 58174 335 
4810 67443 340 
47203 74663 340 
59641 31180 340 
95555 17807 351 
97546 84973 333 
59051 8538 340 
54029 61380 335 
64017 83661 351 
31253 7535 308 
94617 91734 315 
2476 94866 351 
78520 93385 338 
46360 74148 340 
63299 48805 340 
78472 66628 351 
73433 33046 340 
87610 43273 351 
80521 13875 351 
23373 55350 340 
32322 84679 351 
51517 77356 351 
10165 9165 260 
71936 32474 340 
36809 87188 351 
956 40752 324 
55323 27778 340 
58531 37041 340 
63535 28501 340 
77869 17223 351 
2135 30436 308 
86768 7152 351 
22239 29253 308 
19198 76278 340 
71859 73800 294 
41052 10652 324 
45486 62304 340 
64410 2932 340 
53472 17217 340 
90387 70125 351 
25818 70660 340 
25859 11658 282 
69977 81992 351 
42432 60270 340 
3821 88083 351 
56342 65235 335 
15045 48023 324 
66243 78107 351 
50201 24335 324 
88268 60701 351 
45044 73928 340 
36858 92865 351 
64668 22333 340 
98261 20775 351 
46846 11578 324 
20283 89792 351 
44859 49410 314 
26940 88352 351 
38537 68748 340 
533 56940 340 
46567 77192 351 
49736 26254 324 
97634 43136 351 
10132 98535 351 
84733 73785 351 
91862 12676 351 
28960 889 308 
31740 21801 308 
45151 58050 340 
90082 13673 351 
35909 32668 324 
46763 78104 351 
95294 54865 351 
35037 80376 351 
12478 91378 351 
62073 89487 351 
70033 13623 340 
42453 78170 351 
4576 8068 262 
11320 65402 340 
58877 10343 340 
43314 11533 324 
34859 94941 351 
51765 85496 351 
49868 83828 351 
76820 65952 325 
36232 41611 306 
11415 63608 340 
19415 88470 351 
62680 36756 340 
40524 72030 340 
95837 54748 351 
18207 37765 324 
65682 22876 340 
41397 17095 324 
12322 58456 340 
96877 67868 351 
68914 55453 335 
96841 93242 328 
77690 23699 351 
44823 74487 340 
39169 96750 351 
99388 40812 351 
90964 94980 333 
81020 21 351 
88418 25529 351 
44680 43796 270 
56951 89333 351 
3460 18806 279 
79123 77495 338 
67603 18989 340 
73607 10884 340 
81506 69725 351 
37035 53144 340 
62607 37106 340 
82590 92476 333 
18964 24750 282 
49435 77368 351 
8435 43041 324 
46965 35808 314 
92991 3313 351 
20591 40330 324 
19332 28697 308 
63707 61632 330 
2677 82765 351 
15116 8017 276 
61808 85435 351 
96409 29090 351 
6608 54317 340 
37617 62561 340 
59951 88875 351 
92470 2714 351 
1142 46718 324 
38264 67586 340 
44674 67343 340 
35503 99537 351 
73973 85390 351 
89939 8589 351 
9718 59695 340 
15451 23073 279 
88677 18638 351 
76049 18220 340 
47263 75411 340 
84015 12854 351 
60459 70801 335 
63288 18493 340 
15423 47368 324 
36821 85006 351 
85170 36490 351 
65418 41712 340 
96414 3579 351 
58964 68282 335 
35697 32977 324 
43682 88420 351 
31697 6811 308 
89581 78714 338 
58889 22718 340 
23094 97357 351 
48565 33466 324 
55642 8260 340 
63526 57228 335 
91796 88945 333 
83314 69165 351 
36623 32222 324 
68315 82583 351 
23878 60645 340 
24538 52839 340 
74043 35455 340 
13864 88989 351 
79120 54548 351 
1705 81857 351 
12293 47921 324 
28245 88321 351 
56590 88536 351 
74180 56789 335 
13264 8177 276 
2454 39811 324 
889 4030 238 
6684 23069 279 
69721 53997 335 
79654 56072 351 
35424 37446 324 
71978 67320 325 
25462 48612 324 
33453 91640 351 
80593 71041 351 
75314 61733 330 
77622 64489 351 
53917 33690 340 
69519 50449 340 
95554 28870 351 
83045 40224 351 
34798 18393 311 
2746 62731 340 
25201 54174 340 
35270 1343 311 
58343 93474 351 
26701 32567 285 
7970 35251 311 
5113 27054 308 
79222 9027 351 
81496 85774 320 
65152 57644 335 
38356 83207 351 
26164 91661 351 
56139 39803 340 
37569 56563 340 
5932 31222 308 
73635 16435 340 
10861 30395 308 
64069 59091 335 
97451 27097 351 
3505 46888 324 
62174 57052 335 
54582 16218 340 
18680 10464 279 
4405 41860 324 
60475 97249 351 
30952 37464 324 
43348 23981 324 
21838 88447 351 
15736 52507 324 
47351 39134 314 
2873 44661 324 
10217 39220 324 
75525 79505 351 
35181 72672 340 
81083 63646 351 
23097 41343 324 
77706 89049 338 
80731 34131 351 
10376 35134 311 
11902 54367 340 
29964 92188 351 
83548 24846 351 
68713 6049 340 
42241 65940 340 
24104 87445 351 
58071 87885 351 
74721 94659 351 
14611 78337 351 
70005 55794 335 
55836 18729 340 
26378 1906 282 
88979 66699 351 
3716 67473 340 
7395 8000 252 
62461 39341 340 
35303 71447 340 
58913 53604 322 
28306 20659 308 
40712 70695 340 
95391 60431 351 
34736 34413 280 
49333 85314 351 
56631 81988 351 
59926 57085 304 
94386 53026 351 
92261 66578 351 
11949 91353 351 
23666 76750 340 
52480 62505 340 
2340 89415 351 
36522 14544 324 
98050 40497 351 
22444 25180 282 
4253 33865 308 
52516 28641 324 
31837 92149 351 
31396 17350 308 
49734 54595 340 
78223 57530 351 
40870 5805 324 
28208 62180 340 
38942 40894 306 
73431 70232 325 
44235 6543 324 
80561 25125 351 
35089 1354 311 
89539 83851 333 
86915 73936 351 
16514 29770 308 
64529 32854 340 
11026 8533 268 
39342 11209 324 
10392 79974 351 
54236 86834 351 
74462 56875 335 
30359 61781 340 
71844 16734 340 
26523 17267 282 
88477 35058 351 
86962 13232 351 
33613 46185 324 
66686 22063 340 
64412 60898 335 
69023 56409 335 
68695 42320 340 
17954 75388 340 
88260 33862 351 
42055 70736 340 
97888 59407 351 
51021 80533 351 
4184 96922 351 
66940 99064 351 
49248 92210 351 
92558 52820 351 
22770 25835 282 
21819 84213 351 
13478 10872 276 
72671 33785 340 
22570 86938 351 
57770 34575 340 
28415 35155 311 
60965 75361 335 
88337 17337 351 
74908 70861 325 
44080 36806 306 
95852 71534 351 
19343 9035 279 
94729 31931 351 
1337 50885 324 
33676 91845 351 
95243 99624 328 
49593 21636 324 
13201 80951 351 
48009 65611 340 
67393 28214 340 
73240 2391 340 
22510 59447 340 
74444 78983 351 
20906 47216 324 
11552 965 268 
90780 21262 351 
28621 24227 308 
23673 1507 282 
66868 66497 237 
8034 60890 340 
89770 17195 351 
2426 48747 324 
21568 41342 324 
5155 3210 238 
26990 4971 308 
75124 71674 325 
82332 3572 351 
88344 84575 333 
23501 30612 308 
88293 11217 351 
4008 67259 340 
12088 13 268 
53764 62295 335 
51242 42213 314 
5263 91374 351 
15409 25879 282 
22171 62216 340 
62006 80315 351 
23590 64553 340 
98958 14869 351 
54276 83100 351 
4023 80971 351 
18923 96843 351 
37649 4497 324 
5787 80714 351 
28150 77792 351 
39368 65780 340 
44823 36389 306 
82981 64494 351 
48885 52341 309 
87375 83783 333 
93369 19902 351 
42099 3041 324 
66448 87545 351 
925 44105 324 
70759 22364 340 
87262 47393 351 
56286 14316 340 
16440 54720 340 
69004 87535 351 
90186 32527 351 
71696 14975 340 
75507 62740 330 
95823 81243 333 
3460 63499 340 
13134 5847 268 
71047 71056 188 
63853 52980 335 
84038 9530 351 
72190 31467 340 
14809 30593 308 
23938 80866 351 
98640 40448 351 
52799 71809 335 
36825 6838 324 
90911 42238 351 
49326 14502 324 
73831 66612 325 
77502 51102 351 
51570 86834 351 
77590 58836 351 
96426 56336 351 
1100 7596 262 
94179 7293 351 
62088 60215 335 
64308 83604 351 
70607 56726 335 
43186 10700 324 
26638 16924 308 
29835 71918 340 
95551 35057 351 
9852 26658 308 
67995 75090 325 
58832 47906 340 
67644 45334 340 
82933 65008 351 
37358 3948 324 
69692 33187 340 
1138 74528 340 
28173 20413 308 
69357 34140 340 
58629 58904 273 
63187 45227 340 
10829 98142 351 
43692 16153 324 
79416 53656 351 
15745 96758 351 
63544 6398 340 
45382 54265 340 
19678 2125 279 
41571 56161 340 
86828 96887 333 
37280 19927 324 
52345 36181 314 
12524 60207 340 
11392 88215 351 
64106 81166 351 
79333 80731 320 
61209 67653 330 
30982 2300 308 
38207 72571 340 
27961 29922 272 
29297 32617 285 
37416 23383 324 
5921 91838 351 
51205 91098 351 
79749 87139 333 
21099 5100 279 
74976 34329 340 
16884 13832 271 
22351 98014 351 
76145 51312 340 
13394 36463 324 
4809 65026 340 
88500 79591 333 
88912 58953 351 
98393 16486 351 
11427 62768 340 
23428 685 279 
6142 80689 351 
20322 47109 324 
4186 77676 351 
77910 72863 351 
59974 12115 340 
33794 81238 351 
93601 89282 333 
18446 34065 308 
2354 81036 351 
5241 31716 308 
41828 89360 351 
46233 19350 324 
12577 45195 324 
76496 76190 276 
84969 6183 351 
66957 82374 351 
43951 21744 324 
37084 38962 306 
71344 13063 340 
72844 44666 340 
60977 90032 351 
9434 75474 340 
15317 6374 276 
84319 3146 351 
85400 83535 320 
87475 99570 333 
82442 64810 351 
52316 68566 340 
69355 53604 335 
20503 25127 282 
49215 39977 314 
32961 61913 340 
43631 72760 340 
73251 13641 340 
45244 81520 351 
50648 85111 351 
66880 67558 268 
93213 82641 333 
96803 52217 351 
55732 67280 335 
50871 38012 314 
75092 40187 340 
58384 72594 335 
32272 43593 324 
19683 29113 308 
53538 77573 351 
